2019-07-30 09:33:46 [scrapy.utils.log] INFO: Scrapy 1.6.0 started (bot: Maoyan)
2019-07-30 09:33:46 [scrapy.utils.log] INFO: Versions: lxml 4.3.4.0, libxml2 2.9.9, cssselect 1.0.3, parsel 1.5.1, w3lib 1.20.0, Twisted 19.2.1, Python 3.6.8 (default, Jan 14 2019, 11:02:34) - [GCC 8.0.1 20180414 (experimental) [trunk revision 259383]], pyOpenSSL 19.0.0 (OpenSSL 1.1.1c  28 May 2019), cryptography 2.7, Platform Linux-4.18.0-25-generic-x86_64-with-Ubuntu-18.04-bionic
2019-07-30 09:33:46 [scrapy.crawler] INFO: Overridden settings: {'BOT_NAME': 'Maoyan', 'LOG_FILE': 'maoyan.log', 'LOG_LEVEL': 'INFO', 'NEWSPIDER_MODULE': 'Maoyan.spiders', 'SPIDER_MODULES': ['Maoyan.spiders']}
2019-07-30 09:33:46 [scrapy.extensions.telnet] INFO: Telnet Password: 321c1c73d5b6b350
2019-07-30 09:33:47 [scrapy.middleware] INFO: Enabled extensions:
['scrapy.extensions.corestats.CoreStats',
 'scrapy.extensions.telnet.TelnetConsole',
 'scrapy.extensions.memusage.MemoryUsage',
 'scrapy.extensions.logstats.LogStats']
2019-07-30 09:33:47 [scrapy.middleware] INFO: Enabled downloader middlewares:
['scrapy.downloadermiddlewares.httpauth.HttpAuthMiddleware',
 'scrapy.downloadermiddlewares.downloadtimeout.DownloadTimeoutMiddleware',
 'scrapy.downloadermiddlewares.defaultheaders.DefaultHeadersMiddleware',
 'scrapy.downloadermiddlewares.useragent.UserAgentMiddleware',
 'scrapy.downloadermiddlewares.retry.RetryMiddleware',
 'scrapy.downloadermiddlewares.redirect.MetaRefreshMiddleware',
 'scrapy.downloadermiddlewares.httpcompression.HttpCompressionMiddleware',
 'scrapy.downloadermiddlewares.redirect.RedirectMiddleware',
 'scrapy.downloadermiddlewares.cookies.CookiesMiddleware',
 'scrapy.downloadermiddlewares.httpproxy.HttpProxyMiddleware',
 'scrapy.downloadermiddlewares.stats.DownloaderStats']
2019-07-30 09:33:47 [scrapy.middleware] INFO: Enabled spider middlewares:
['scrapy.spidermiddlewares.httperror.HttpErrorMiddleware',
 'scrapy.spidermiddlewares.offsite.OffsiteMiddleware',
 'scrapy.spidermiddlewares.referer.RefererMiddleware',
 'scrapy.spidermiddlewares.urllength.UrlLengthMiddleware',
 'scrapy.spidermiddlewares.depth.DepthMiddleware']
2019-07-30 09:33:47 [scrapy.middleware] INFO: Enabled item pipelines:
['Maoyan.pipelines.MaoyanPipeline']
2019-07-30 09:33:47 [scrapy.core.engine] INFO: Spider opened
2019-07-30 09:33:47 [scrapy.extensions.logstats] INFO: Crawled 0 pages (at 0 pages/min), scraped 0 items (at 0 items/min)
2019-07-30 09:33:47 [scrapy.extensions.telnet] INFO: Telnet console listening on 127.0.0.1:6023
2019-07-30 09:33:47 [scrapy.core.engine] INFO: Closing spider (finished)
2019-07-30 09:33:47 [scrapy.statscollectors] INFO: Dumping Scrapy stats:
{'downloader/request_bytes': 2029,
 'downloader/request_count': 10,
 'downloader/request_method_count/GET': 10,
 'downloader/response_bytes': 60233,
 'downloader/response_count': 10,
 'downloader/response_status_count/200': 10,
 'finish_reason': 'finished',
 'finish_time': datetime.datetime(2019, 7, 30, 1, 33, 47, 370829),
 'item_scraped_count': 100,
 'log_count/INFO': 9,
 'memusage/max': 1110917120,
 'memusage/startup': 1110917120,
 'response_received_count': 10,
 'scheduler/dequeued': 10,
 'scheduler/dequeued/memory': 10,
 'scheduler/enqueued': 10,
 'scheduler/enqueued/memory': 10,
 'start_time': datetime.datetime(2019, 7, 30, 1, 33, 47, 45721)}
2019-07-30 09:33:47 [scrapy.core.engine] INFO: Spider closed (finished)
2019-07-30 09:59:29 [scrapy.utils.log] INFO: Scrapy 1.6.0 started (bot: Maoyan)
2019-07-30 09:59:29 [scrapy.utils.log] INFO: Versions: lxml 4.3.4.0, libxml2 2.9.9, cssselect 1.0.3, parsel 1.5.1, w3lib 1.20.0, Twisted 19.2.1, Python 3.6.8 (default, Jan 14 2019, 11:02:34) - [GCC 8.0.1 20180414 (experimental) [trunk revision 259383]], pyOpenSSL 19.0.0 (OpenSSL 1.1.1c  28 May 2019), cryptography 2.7, Platform Linux-4.18.0-25-generic-x86_64-with-Ubuntu-18.04-bionic
2019-07-30 09:59:29 [scrapy.crawler] INFO: Overridden settings: {'BOT_NAME': 'Maoyan', 'LOG_FILE': 'maoyan.log', 'LOG_LEVEL': 'INFO', 'NEWSPIDER_MODULE': 'Maoyan.spiders', 'SPIDER_MODULES': ['Maoyan.spiders']}
2019-07-30 09:59:29 [scrapy.extensions.telnet] INFO: Telnet Password: 4b4f88502d0d980b
2019-07-30 09:59:29 [scrapy.middleware] INFO: Enabled extensions:
['scrapy.extensions.corestats.CoreStats',
 'scrapy.extensions.telnet.TelnetConsole',
 'scrapy.extensions.memusage.MemoryUsage',
 'scrapy.extensions.logstats.LogStats']
2019-07-30 09:59:29 [scrapy.middleware] INFO: Enabled downloader middlewares:
['scrapy.downloadermiddlewares.httpauth.HttpAuthMiddleware',
 'scrapy.downloadermiddlewares.downloadtimeout.DownloadTimeoutMiddleware',
 'scrapy.downloadermiddlewares.defaultheaders.DefaultHeadersMiddleware',
 'scrapy.downloadermiddlewares.useragent.UserAgentMiddleware',
 'scrapy.downloadermiddlewares.retry.RetryMiddleware',
 'scrapy.downloadermiddlewares.redirect.MetaRefreshMiddleware',
 'scrapy.downloadermiddlewares.httpcompression.HttpCompressionMiddleware',
 'scrapy.downloadermiddlewares.redirect.RedirectMiddleware',
 'scrapy.downloadermiddlewares.cookies.CookiesMiddleware',
 'scrapy.downloadermiddlewares.httpproxy.HttpProxyMiddleware',
 'scrapy.downloadermiddlewares.stats.DownloaderStats']
2019-07-30 09:59:29 [scrapy.middleware] INFO: Enabled spider middlewares:
['scrapy.spidermiddlewares.httperror.HttpErrorMiddleware',
 'scrapy.spidermiddlewares.offsite.OffsiteMiddleware',
 'scrapy.spidermiddlewares.referer.RefererMiddleware',
 'scrapy.spidermiddlewares.urllength.UrlLengthMiddleware',
 'scrapy.spidermiddlewares.depth.DepthMiddleware']
2019-07-30 09:59:29 [scrapy.middleware] INFO: Enabled item pipelines:
['Maoyan.pipelines.MaoyanMysqlPipeline', 'Maoyan.pipelines.MaoyanPipeline']
2019-07-30 09:59:29 [scrapy.core.engine] INFO: Spider opened
2019-07-30 09:59:29 [scrapy.extensions.logstats] INFO: Crawled 0 pages (at 0 pages/min), scraped 0 items (at 0 items/min)
2019-07-30 09:59:29 [scrapy.extensions.telnet] INFO: Telnet console listening on 127.0.0.1:6023
2019-07-30 09:59:30 [scrapy.core.engine] INFO: Closing spider (finished)
2019-07-30 09:59:30 [scrapy.statscollectors] INFO: Dumping Scrapy stats:
{'downloader/request_bytes': 2029,
 'downloader/request_count': 10,
 'downloader/request_method_count/GET': 10,
 'downloader/response_bytes': 60227,
 'downloader/response_count': 10,
 'downloader/response_status_count/200': 10,
 'finish_reason': 'finished',
 'finish_time': datetime.datetime(2019, 7, 30, 1, 59, 30, 81254),
 'item_scraped_count': 100,
 'log_count/INFO': 9,
 'memusage/max': 1118584832,
 'memusage/startup': 1118584832,
 'response_received_count': 10,
 'scheduler/dequeued': 10,
 'scheduler/dequeued/memory': 10,
 'scheduler/enqueued': 10,
 'scheduler/enqueued/memory': 10,
 'start_time': datetime.datetime(2019, 7, 30, 1, 59, 29, 594272)}
2019-07-30 09:59:30 [scrapy.core.engine] INFO: Spider closed (finished)
