*** Starting uWSGI 2.0.18 (64bit) on [Wed Aug 21 15:17:59 2019] ***
compiled with version: 7.4.0 on 21 August 2019 06:48:27
os: Linux-5.0.0-25-generic #26~18.04.1-Ubuntu SMP Thu Aug 1 13:51:02 UTC 2019
nodename: tarena
machine: x86_64
clock source: unix
pcre jit disabled
detected number of CPU cores: 4
current working directory: /home/tarena/1905/month03/code/code3/day08/mysite8
writing pidfile to uwsgi.pid
detected binary path: /usr/local/bin/uwsgi
uWSGI running as root, you can use --uid/--gid/--chroot options
*** WARNING: you are running uWSGI as root !!! (use the --uid flag) *** 
chdir() to /home/tarena/1905/month03/code/code3/day08/mysite8
*** WARNING: you are running uWSGI without its master process manager ***
your processes number limit is 15398
your memory page size is 4096 bytes
detected max file descriptor number: 1024
lock engine: pthread robust mutexes
thunder lock: disabled (you can enable it with --thunder-lock)
uWSGI http bound on 127.0.0.1:8000 fd 4
spawned uWSGI http 1 (pid: 31842)
uwsgi socket 0 bound to TCP address 127.0.0.1:42631 (port auto-assigned) fd 3
uWSGI running as root, you can use --uid/--gid/--chroot options
*** WARNING: you are running uWSGI as root !!! (use the --uid flag) *** 
Python version: 3.6.8 (default, Jan 14 2019, 11:02:34)  [GCC 8.0.1 20180414 (experimental) [trunk revision 259383]]
Python main interpreter initialized at 0x561a754eb830
uWSGI running as root, you can use --uid/--gid/--chroot options
*** WARNING: you are running uWSGI as root !!! (use the --uid flag) *** 
python threads support enabled
your server socket listen backlog is limited to 100 connections
your mercy for graceful operations on workers is 60 seconds
mapped 72920 bytes (71 KB) for 1 cores
*** Operational MODE: single process ***
WSGI app 0 (mountpoint='') ready in 1 seconds on interpreter 0x561a754eb830 pid: 31841 (default app)
uWSGI running as root, you can use --uid/--gid/--chroot options
*** WARNING: you are running uWSGI as root !!! (use the --uid flag) *** 
*** uWSGI is running in multiple interpreter mode ***
spawned uWSGI worker 1 (and the only) (pid: 31841, cores: 1)
[pid: 31841|app: 0|req: 1/1] 127.0.0.1 () {44 vars in 888 bytes} [Wed Aug 21 07:18:39 2019] GET /page1 => generated 7 bytes in 116 msecs (HTTP/1.1 200) 3 headers in 107 bytes (1 switches on core 0)
[pid: 31841|app: 0|req: 2/2] 127.0.0.1 () {44 vars in 878 bytes} [Wed Aug 21 07:18:44 2019] GET / => generated 6 bytes in 0 msecs (HTTP/1.1 200) 3 headers in 107 bytes (1 switches on core 0)
[pid: 31841|app: 0|req: 3/3] 127.0.0.1 () {46 vars in 909 bytes} [Wed Aug 21 07:25:16 2019] GET / => generated 6 bytes in 0 msecs (HTTP/1.1 200) 3 headers in 107 bytes (1 switches on core 0)
[pid: 31841|app: 0|req: 4/4] 127.0.0.1 () {44 vars in 888 bytes} [Wed Aug 21 07:25:25 2019] GET /page1 => generated 7 bytes in 0 msecs (HTTP/1.1 200) 3 headers in 107 bytes (1 switches on core 0)
*** Starting uWSGI 2.0.18 (64bit) on [Wed Aug 21 16:48:19 2019] ***
compiled with version: 7.4.0 on 21 August 2019 06:48:27
os: Linux-5.0.0-25-generic #26~18.04.1-Ubuntu SMP Thu Aug 1 13:51:02 UTC 2019
nodename: tarena
machine: x86_64
clock source: unix
pcre jit disabled
detected number of CPU cores: 4
current working directory: /home/tarena/1905/month03/code/code3/day08/mysite8
writing pidfile to uwsgi.pid
detected binary path: /usr/local/bin/uwsgi
uWSGI running as root, you can use --uid/--gid/--chroot options
*** WARNING: you are running uWSGI as root !!! (use the --uid flag) *** 
chdir() to /home/tarena/1905/month03/code/code3/day08/mysite8
*** WARNING: you are running uWSGI without its master process manager ***
your processes number limit is 15398
your memory page size is 4096 bytes
detected max file descriptor number: 1024
lock engine: pthread robust mutexes
thunder lock: disabled (you can enable it with --thunder-lock)
uwsgi socket 0 bound to TCP address 127.0.0.1:8000 fd 3
uWSGI running as root, you can use --uid/--gid/--chroot options
*** WARNING: you are running uWSGI as root !!! (use the --uid flag) *** 
Python version: 3.6.8 (default, Jan 14 2019, 11:02:34)  [GCC 8.0.1 20180414 (experimental) [trunk revision 259383]]
Python main interpreter initialized at 0x561f780ce790
uWSGI running as root, you can use --uid/--gid/--chroot options
*** WARNING: you are running uWSGI as root !!! (use the --uid flag) *** 
python threads support enabled
your server socket listen backlog is limited to 100 connections
your mercy for graceful operations on workers is 60 seconds
mapped 72920 bytes (71 KB) for 1 cores
*** Operational MODE: single process ***
WSGI app 0 (mountpoint='') ready in 3 seconds on interpreter 0x561f780ce790 pid: 13629 (default app)
uWSGI running as root, you can use --uid/--gid/--chroot options
*** WARNING: you are running uWSGI as root !!! (use the --uid flag) *** 
*** uWSGI is running in multiple interpreter mode ***
spawned uWSGI worker 1 (and the only) (pid: 13629, cores: 1)
invalid request block size: 21573 (max 4096)...skip
invalid request block size: 21573 (max 4096)...skip
invalid request block size: 21573 (max 4096)...skip
invalid request block size: 21573 (max 4096)...skip
invalid request block size: 21573 (max 4096)...skip
invalid request block size: 21573 (max 4096)...skip
invalid request block size: 21573 (max 4096)...skip
[pid: 13629|app: 0|req: 1/1] 127.0.0.1 () {48 vars in 917 bytes} [Wed Aug 21 08:49:37 2019] GET / => generated 6 bytes in 304 msecs (HTTP/1.1 200) 3 headers in 107 bytes (1 switches on core 0)
[pid: 13629|app: 0|req: 2/2] 127.0.0.1 () {46 vars in 839 bytes} [Wed Aug 21 08:49:37 2019] GET /favicon.ico => generated 85 bytes in 276 msecs (HTTP/1.1 404) 3 headers in 100 bytes (1 switches on core 0)
[pid: 13629|app: 0|req: 3/3] 127.0.0.1 () {48 vars in 927 bytes} [Wed Aug 21 08:52:33 2019] GET /page1 => generated 7 bytes in 0 msecs (HTTP/1.1 200) 3 headers in 107 bytes (1 switches on core 0)
*** Starting uWSGI 2.0.18 (64bit) on [Wed Aug 21 17:37:15 2019] ***
compiled with version: 7.4.0 on 21 August 2019 06:48:27
os: Linux-5.0.0-25-generic #26~18.04.1-Ubuntu SMP Thu Aug 1 13:51:02 UTC 2019
nodename: tarena
machine: x86_64
clock source: unix
pcre jit disabled
detected number of CPU cores: 4
current working directory: /home/tarena/1905/month03/code/code3/day08/mysite8
writing pidfile to uwsgi.pid
detected binary path: /usr/local/bin/uwsgi
uWSGI running as root, you can use --uid/--gid/--chroot options
*** WARNING: you are running uWSGI as root !!! (use the --uid flag) *** 
chdir() to /home/tarena/1905/month03/code/code3/day08/mysite8
*** WARNING: you are running uWSGI without its master process manager ***
your processes number limit is 15398
your memory page size is 4096 bytes
detected max file descriptor number: 1024
lock engine: pthread robust mutexes
thunder lock: disabled (you can enable it with --thunder-lock)
probably another instance of uWSGI is running on the same address (127.0.0.1:8000).
bind(): Address already in use [core/socket.c line 769]
[pid: 13629|app: 0|req: 4/4] 127.0.0.1 () {48 vars in 939 bytes} [Wed Aug 21 09:38:40 2019] GET /ststic/img1 => generated 85 bytes in 1 msecs (HTTP/1.1 404) 3 headers in 100 bytes (1 switches on core 0)
*** Starting uWSGI 2.0.18 (64bit) on [Wed Aug 21 17:48:04 2019] ***
compiled with version: 7.4.0 on 21 August 2019 06:48:27
os: Linux-5.0.0-25-generic #26~18.04.1-Ubuntu SMP Thu Aug 1 13:51:02 UTC 2019
nodename: tarena
machine: x86_64
clock source: unix
pcre jit disabled
detected number of CPU cores: 4
current working directory: /home/tarena/1905/month03/code/code3/day08/mysite8
writing pidfile to uwsgi.pid
detected binary path: /usr/local/bin/uwsgi
uWSGI running as root, you can use --uid/--gid/--chroot options
*** WARNING: you are running uWSGI as root !!! (use the --uid flag) *** 
chdir() to /home/tarena/1905/month03/code/code3/day08/mysite8
*** WARNING: you are running uWSGI without its master process manager ***
your processes number limit is 15398
your memory page size is 4096 bytes
detected max file descriptor number: 1024
lock engine: pthread robust mutexes
thunder lock: disabled (you can enable it with --thunder-lock)
probably another instance of uWSGI is running on the same address (127.0.0.1:8000).
bind(): Address already in use [core/socket.c line 769]
[pid: 13629|app: 0|req: 5/5] 127.0.0.1 () {48 vars in 927 bytes} [Wed Aug 21 09:48:24 2019] GET /page1 => generated 7 bytes in 1 msecs (HTTP/1.1 200) 3 headers in 107 bytes (1 switches on core 0)
[pid: 13629|app: 0|req: 6/6] 127.0.0.1 () {50 vars in 958 bytes} [Wed Aug 21 09:48:30 2019] GET /page1 => generated 7 bytes in 0 msecs (HTTP/1.1 200) 3 headers in 107 bytes (1 switches on core 0)
[pid: 13629|app: 0|req: 7/7] 127.0.0.1 () {48 vars in 917 bytes} [Wed Aug 21 09:48:40 2019] GET / => generated 6 bytes in 0 msecs (HTTP/1.1 200) 3 headers in 107 bytes (1 switches on core 0)
*** Starting uWSGI 2.0.18 (64bit) on [Wed Aug 21 17:49:31 2019] ***
compiled with version: 7.4.0 on 21 August 2019 06:48:27
os: Linux-5.0.0-25-generic #26~18.04.1-Ubuntu SMP Thu Aug 1 13:51:02 UTC 2019
nodename: tarena
machine: x86_64
clock source: unix
pcre jit disabled
detected number of CPU cores: 4
current working directory: /home/tarena/1905/month03/code/code3/day08/mysite8
writing pidfile to uwsgi.pid
detected binary path: /usr/local/bin/uwsgi
uWSGI running as root, you can use --uid/--gid/--chroot options
*** WARNING: you are running uWSGI as root !!! (use the --uid flag) *** 
chdir() to /home/tarena/1905/month03/code/code3/day08/mysite8
*** WARNING: you are running uWSGI without its master process manager ***
your processes number limit is 15398
your memory page size is 4096 bytes
detected max file descriptor number: 1024
lock engine: pthread robust mutexes
thunder lock: disabled (you can enable it with --thunder-lock)
probably another instance of uWSGI is running on the same address (127.0.0.1:8000).
bind(): Address already in use [core/socket.c line 769]
*** Starting uWSGI 2.0.18 (64bit) on [Wed Aug 21 17:50:58 2019] ***
compiled with version: 7.4.0 on 21 August 2019 06:48:27
os: Linux-5.0.0-25-generic #26~18.04.1-Ubuntu SMP Thu Aug 1 13:51:02 UTC 2019
nodename: tarena
machine: x86_64
clock source: unix
pcre jit disabled
detected number of CPU cores: 4
current working directory: /home/tarena/1905/month03/code/code3/day08/mysite8
writing pidfile to uwsgi.pid
detected binary path: /usr/local/bin/uwsgi
uWSGI running as root, you can use --uid/--gid/--chroot options
*** WARNING: you are running uWSGI as root !!! (use the --uid flag) *** 
chdir() to /home/tarena/1905/month03/code/code3/day08/mysite8
*** WARNING: you are running uWSGI without its master process manager ***
your processes number limit is 15398
your memory page size is 4096 bytes
detected max file descriptor number: 1024
lock engine: pthread robust mutexes
thunder lock: disabled (you can enable it with --thunder-lock)
probably another instance of uWSGI is running on the same address (127.0.0.1:8000).
bind(): Address already in use [core/socket.c line 769]
[pid: 13629|app: 0|req: 8/8] 127.0.0.1 () {48 vars in 927 bytes} [Wed Aug 21 09:51:06 2019] GET /page1 => generated 7 bytes in 1 msecs (HTTP/1.1 200) 3 headers in 107 bytes (1 switches on core 0)
[pid: 13629|app: 0|req: 9/9] 127.0.0.1 () {50 vars in 958 bytes} [Wed Aug 21 09:51:12 2019] GET /page1 => generated 7 bytes in 1 msecs (HTTP/1.1 200) 3 headers in 107 bytes (1 switches on core 0)
*** Starting uWSGI 2.0.18 (64bit) on [Wed Aug 21 17:51:47 2019] ***
compiled with version: 7.4.0 on 21 August 2019 06:48:27
os: Linux-5.0.0-25-generic #26~18.04.1-Ubuntu SMP Thu Aug 1 13:51:02 UTC 2019
nodename: tarena
machine: x86_64
clock source: unix
pcre jit disabled
detected number of CPU cores: 4
current working directory: /home/tarena/1905/month03/code/code3/day08/mysite8
writing pidfile to uwsgi.pid
detected binary path: /usr/local/bin/uwsgi
uWSGI running as root, you can use --uid/--gid/--chroot options
*** WARNING: you are running uWSGI as root !!! (use the --uid flag) *** 
chdir() to /home/tarena/1905/month03/code/code3/day08/mysite8
*** WARNING: you are running uWSGI without its master process manager ***
your processes number limit is 15398
your memory page size is 4096 bytes
detected max file descriptor number: 1024
lock engine: pthread robust mutexes
thunder lock: disabled (you can enable it with --thunder-lock)
uwsgi socket 0 bound to TCP address 127.0.0.1:8000 fd 3
uWSGI running as root, you can use --uid/--gid/--chroot options
*** WARNING: you are running uWSGI as root !!! (use the --uid flag) *** 
Python version: 3.6.8 (default, Jan 14 2019, 11:02:34)  [GCC 8.0.1 20180414 (experimental) [trunk revision 259383]]
Python main interpreter initialized at 0x56475fb55790
uWSGI running as root, you can use --uid/--gid/--chroot options
*** WARNING: you are running uWSGI as root !!! (use the --uid flag) *** 
python threads support enabled
your server socket listen backlog is limited to 100 connections
your mercy for graceful operations on workers is 60 seconds
mapped 72920 bytes (71 KB) for 1 cores
*** Operational MODE: single process ***
WSGI app 0 (mountpoint='') ready in 1 seconds on interpreter 0x56475fb55790 pid: 16996 (default app)
uWSGI running as root, you can use --uid/--gid/--chroot options
*** WARNING: you are running uWSGI as root !!! (use the --uid flag) *** 
*** uWSGI is running in multiple interpreter mode ***
spawned uWSGI worker 1 (and the only) (pid: 16996, cores: 1)
[pid: 16996|app: 0|req: 1/1] 127.0.0.1 () {50 vars in 958 bytes} [Wed Aug 21 09:51:55 2019] GET /page1 => generated 158 bytes in 59 msecs (HTTP/1.1 404) 3 headers in 116 bytes (1 switches on core 0)
